2025-04-03 16:07:46,399 - ElyriaLogger - INFO - 3.10.14 (39dc8d3c85a7, Aug 27 2024, 14:32:27) [PyPy 7.3.17 with GCC 10.2.1 20210130 (Red Hat 10.2.1-11)]
2025-04-03 16:07:46,399 - ElyriaLogger - INFO - pygame-ce 2.5.3 (SDL 2.30.12, Python 3.10.14)
2025-04-03 16:07:46,491 - ElyriaLogger - INFO - Textures loaded from data/textures.json file
2025-04-03 16:07:46,491 - ElyriaLogger - INFO - Animations loaded from data/animations.json file
2025-04-03 16:11:17,244 - ElyriaLogger - INFO - 3.10.14 (39dc8d3c85a7, Aug 27 2024, 14:32:27) [PyPy 7.3.17 with GCC 10.2.1 20210130 (Red Hat 10.2.1-11)]
2025-04-03 16:11:17,244 - ElyriaLogger - INFO - pygame-ce 2.5.3 (SDL 2.30.12, Python 3.10.14)
2025-04-03 16:11:17,329 - ElyriaLogger - INFO - Textures loaded from data/textures.json file
2025-04-03 16:11:17,330 - ElyriaLogger - INFO - Animations loaded from data/animations.json file
2025-04-03 16:16:47,606 - ElyriaLogger - INFO - 3.10.14 (39dc8d3c85a7, Aug 27 2024, 14:32:27) [PyPy 7.3.17 with GCC 10.2.1 20210130 (Red Hat 10.2.1-11)]
2025-04-03 16:16:47,606 - ElyriaLogger - INFO - pygame-ce 2.5.3 (SDL 2.30.12, Python 3.10.14)
2025-04-03 16:16:47,696 - ElyriaLogger - INFO - Textures loaded from data/textures.json file
2025-04-03 16:16:47,696 - ElyriaLogger - INFO - Animations loaded from data/animations.json file
2025-04-03 16:18:49,828 - ElyriaLogger - INFO - 3.10.14 (39dc8d3c85a7, Aug 27 2024, 14:32:27) [PyPy 7.3.17 with GCC 10.2.1 20210130 (Red Hat 10.2.1-11)]
2025-04-03 16:18:49,828 - ElyriaLogger - INFO - pygame-ce 2.5.3 (SDL 2.30.12, Python 3.10.14)
2025-04-03 16:18:49,911 - ElyriaLogger - INFO - Textures loaded from data/textures.json file
2025-04-03 16:18:49,911 - ElyriaLogger - INFO - Animations loaded from data/animations.json file
2025-04-03 16:25:58,420 - ElyriaLogger - INFO - 3.10.14 (39dc8d3c85a7, Aug 27 2024, 14:32:27) [PyPy 7.3.17 with GCC 10.2.1 20210130 (Red Hat 10.2.1-11)]
2025-04-03 16:25:58,420 - ElyriaLogger - INFO - pygame-ce 2.5.3 (SDL 2.30.12, Python 3.10.14)
2025-04-03 16:25:58,503 - ElyriaLogger - INFO - Textures loaded from data/textures.json file
2025-04-03 16:25:58,503 - ElyriaLogger - INFO - Animations loaded from data/animations.json file
2025-04-03 18:01:24,839 - ElyriaLogger - INFO - 3.10.14 (39dc8d3c85a7, Aug 27 2024, 14:32:27) [PyPy 7.3.17 with GCC 10.2.1 20210130 (Red Hat 10.2.1-11)]
2025-04-03 18:01:24,839 - ElyriaLogger - INFO - pygame-ce 2.5.3 (SDL 2.30.12, Python 3.10.14)
2025-04-03 18:01:24,942 - ElyriaLogger - INFO - Textures loaded from data/textures.json file
2025-04-03 18:01:24,942 - ElyriaLogger - INFO - Animations loaded from data/animations.json file
2025-04-03 20:23:24,482 - ElyriaLogger - INFO - 3.10.14 (39dc8d3c85a7, Aug 27 2024, 14:32:27) [PyPy 7.3.17 with GCC 10.2.1 20210130 (Red Hat 10.2.1-11)]
2025-04-03 20:23:24,482 - ElyriaLogger - INFO - pygame-ce 2.5.3 (SDL 2.30.12, Python 3.10.14)
2025-04-03 20:23:24,565 - ElyriaLogger - INFO - Textures loaded from data/textures.json file
2025-04-03 20:23:24,565 - ElyriaLogger - INFO - Animations loaded from data/animations.json file
2025-04-03 20:33:52,419 - ElyriaLogger - INFO - 3.10.14 (39dc8d3c85a7, Aug 27 2024, 14:32:27) [PyPy 7.3.17 with GCC 10.2.1 20210130 (Red Hat 10.2.1-11)]
2025-04-03 20:33:52,419 - ElyriaLogger - INFO - pygame-ce 2.5.3 (SDL 2.30.12, Python 3.10.14)
2025-04-03 20:33:52,530 - ElyriaLogger - INFO - Textures loaded from data/textures.json file
2025-04-03 20:33:52,530 - ElyriaLogger - INFO - Animations loaded from data/animations.json file
2025-04-03 20:34:06,414 - ElyriaLogger - INFO - 3.10.14 (39dc8d3c85a7, Aug 27 2024, 14:32:27) [PyPy 7.3.17 with GCC 10.2.1 20210130 (Red Hat 10.2.1-11)]
2025-04-03 20:34:06,414 - ElyriaLogger - INFO - pygame-ce 2.5.3 (SDL 2.30.12, Python 3.10.14)
2025-04-03 20:34:06,492 - ElyriaLogger - INFO - Textures loaded from data/textures.json file
2025-04-03 20:34:06,492 - ElyriaLogger - INFO - Animations loaded from data/animations.json file
2025-04-03 20:38:04,670 - ElyriaLogger - INFO - 3.10.14 (39dc8d3c85a7, Aug 27 2024, 14:32:27) [PyPy 7.3.17 with GCC 10.2.1 20210130 (Red Hat 10.2.1-11)]
2025-04-03 20:38:04,670 - ElyriaLogger - INFO - pygame-ce 2.5.3 (SDL 2.30.12, Python 3.10.14)
2025-04-03 20:38:04,769 - ElyriaLogger - INFO - Textures loaded from data/textures.json file
2025-04-03 20:38:04,769 - ElyriaLogger - INFO - Animations loaded from data/animations.json file
2025-04-03 20:39:05,315 - ElyriaLogger - INFO - 3.10.14 (39dc8d3c85a7, Aug 27 2024, 14:32:27) [PyPy 7.3.17 with GCC 10.2.1 20210130 (Red Hat 10.2.1-11)]
2025-04-03 20:39:05,316 - ElyriaLogger - INFO - pygame-ce 2.5.3 (SDL 2.30.12, Python 3.10.14)
2025-04-03 20:39:05,407 - ElyriaLogger - INFO - Textures loaded from data/textures.json file
2025-04-03 20:39:05,408 - ElyriaLogger - INFO - Animations loaded from data/animations.json file
2025-04-03 20:39:31,848 - ElyriaLogger - INFO - 3.10.14 (39dc8d3c85a7, Aug 27 2024, 14:32:27) [PyPy 7.3.17 with GCC 10.2.1 20210130 (Red Hat 10.2.1-11)]
2025-04-03 20:39:31,848 - ElyriaLogger - INFO - pygame-ce 2.5.3 (SDL 2.30.12, Python 3.10.14)
2025-04-03 20:39:31,927 - ElyriaLogger - INFO - Textures loaded from data/textures.json file
2025-04-03 20:39:31,928 - ElyriaLogger - INFO - Animations loaded from data/animations.json file
2025-04-03 20:39:44,339 - ElyriaLogger - INFO - 3.10.14 (39dc8d3c85a7, Aug 27 2024, 14:32:27) [PyPy 7.3.17 with GCC 10.2.1 20210130 (Red Hat 10.2.1-11)]
2025-04-03 20:39:44,339 - ElyriaLogger - INFO - pygame-ce 2.5.3 (SDL 2.30.12, Python 3.10.14)
2025-04-03 20:39:44,426 - ElyriaLogger - INFO - Textures loaded from data/textures.json file
2025-04-03 20:39:44,426 - ElyriaLogger - INFO - Animations loaded from data/animations.json file
2025-04-03 20:44:39,304 - ElyriaLogger - INFO - 3.10.14 (39dc8d3c85a7, Aug 27 2024, 14:32:27) [PyPy 7.3.17 with GCC 10.2.1 20210130 (Red Hat 10.2.1-11)]
2025-04-03 20:44:39,304 - ElyriaLogger - INFO - pygame-ce 2.5.3 (SDL 2.30.12, Python 3.10.14)
2025-04-03 20:44:39,382 - ElyriaLogger - INFO - Textures loaded from data/textures.json file
2025-04-03 20:44:39,383 - ElyriaLogger - INFO - Animations loaded from data/animations.json file
2025-04-03 20:45:01,135 - ElyriaLogger - INFO - 3.10.14 (39dc8d3c85a7, Aug 27 2024, 14:32:27) [PyPy 7.3.17 with GCC 10.2.1 20210130 (Red Hat 10.2.1-11)]
2025-04-03 20:45:01,135 - ElyriaLogger - INFO - pygame-ce 2.5.3 (SDL 2.30.12, Python 3.10.14)
2025-04-03 20:45:01,233 - ElyriaLogger - INFO - Textures loaded from data/textures.json file
2025-04-03 20:45:01,233 - ElyriaLogger - INFO - Animations loaded from data/animations.json file
2025-04-03 20:45:31,482 - ElyriaLogger - INFO - 3.10.14 (39dc8d3c85a7, Aug 27 2024, 14:32:27) [PyPy 7.3.17 with GCC 10.2.1 20210130 (Red Hat 10.2.1-11)]
2025-04-03 20:45:31,483 - ElyriaLogger - INFO - pygame-ce 2.5.3 (SDL 2.30.12, Python 3.10.14)
2025-04-03 20:45:31,574 - ElyriaLogger - INFO - Textures loaded from data/textures.json file
2025-04-03 20:45:31,574 - ElyriaLogger - INFO - Animations loaded from data/animations.json file
2025-04-03 20:46:27,485 - ElyriaLogger - INFO - 3.10.14 (39dc8d3c85a7, Aug 27 2024, 14:32:27) [PyPy 7.3.17 with GCC 10.2.1 20210130 (Red Hat 10.2.1-11)]
2025-04-03 20:46:27,485 - ElyriaLogger - INFO - pygame-ce 2.5.3 (SDL 2.30.12, Python 3.10.14)
2025-04-03 20:46:27,573 - ElyriaLogger - INFO - Textures loaded from data/textures.json file
2025-04-03 20:46:27,574 - ElyriaLogger - INFO - Animations loaded from data/animations.json file
2025-04-03 20:47:03,618 - ElyriaLogger - INFO - 3.10.14 (39dc8d3c85a7, Aug 27 2024, 14:32:27) [PyPy 7.3.17 with GCC 10.2.1 20210130 (Red Hat 10.2.1-11)]
2025-04-03 20:47:03,618 - ElyriaLogger - INFO - pygame-ce 2.5.3 (SDL 2.30.12, Python 3.10.14)
2025-04-03 20:47:03,712 - ElyriaLogger - INFO - Textures loaded from data/textures.json file
2025-04-03 20:47:03,713 - ElyriaLogger - INFO - Animations loaded from data/animations.json file
2025-04-03 20:47:15,857 - ElyriaLogger - INFO - 3.10.14 (39dc8d3c85a7, Aug 27 2024, 14:32:27) [PyPy 7.3.17 with GCC 10.2.1 20210130 (Red Hat 10.2.1-11)]
2025-04-03 20:47:15,858 - ElyriaLogger - INFO - pygame-ce 2.5.3 (SDL 2.30.12, Python 3.10.14)
2025-04-03 20:47:15,950 - ElyriaLogger - INFO - Textures loaded from data/textures.json file
2025-04-03 20:47:15,951 - ElyriaLogger - INFO - Animations loaded from data/animations.json file
2025-04-03 20:49:24,779 - ElyriaLogger - INFO - 3.10.14 (39dc8d3c85a7, Aug 27 2024, 14:32:27) [PyPy 7.3.17 with GCC 10.2.1 20210130 (Red Hat 10.2.1-11)]
2025-04-03 20:49:24,780 - ElyriaLogger - INFO - pygame-ce 2.5.3 (SDL 2.30.12, Python 3.10.14)
2025-04-03 20:49:24,892 - ElyriaLogger - INFO - Textures loaded from data/textures.json file
2025-04-03 20:49:24,892 - ElyriaLogger - INFO - Animations loaded from data/animations.json file
2025-04-03 20:50:00,173 - ElyriaLogger - INFO - 3.10.14 (39dc8d3c85a7, Aug 27 2024, 14:32:27) [PyPy 7.3.17 with GCC 10.2.1 20210130 (Red Hat 10.2.1-11)]
2025-04-03 20:50:00,173 - ElyriaLogger - INFO - pygame-ce 2.5.3 (SDL 2.30.12, Python 3.10.14)
2025-04-03 20:50:00,271 - ElyriaLogger - INFO - Textures loaded from data/textures.json file
2025-04-03 20:50:00,272 - ElyriaLogger - INFO - Animations loaded from data/animations.json file
2025-04-03 20:58:15,664 - ElyriaLogger - INFO - 3.10.14 (39dc8d3c85a7, Aug 27 2024, 14:32:27) [PyPy 7.3.17 with GCC 10.2.1 20210130 (Red Hat 10.2.1-11)]
2025-04-03 20:58:15,665 - ElyriaLogger - INFO - pygame-ce 2.5.3 (SDL 2.30.12, Python 3.10.14)
2025-04-03 20:58:15,852 - ElyriaLogger - INFO - Textures loaded from data/textures.json file
2025-04-03 20:58:15,852 - ElyriaLogger - INFO - Animations loaded from data/animations.json file
2025-04-03 21:00:45,214 - ElyriaLogger - INFO - 3.10.14 (39dc8d3c85a7, Aug 27 2024, 14:32:27) [PyPy 7.3.17 with GCC 10.2.1 20210130 (Red Hat 10.2.1-11)]
2025-04-03 21:00:45,215 - ElyriaLogger - INFO - pygame-ce 2.5.3 (SDL 2.30.12, Python 3.10.14)
2025-04-03 21:00:45,420 - ElyriaLogger - INFO - Textures loaded from data/textures.json file
2025-04-03 21:00:45,421 - ElyriaLogger - INFO - Animations loaded from data/animations.json file
2025-04-03 21:00:53,686 - ElyriaLogger - INFO - 3.10.14 (39dc8d3c85a7, Aug 27 2024, 14:32:27) [PyPy 7.3.17 with GCC 10.2.1 20210130 (Red Hat 10.2.1-11)]
2025-04-03 21:00:53,687 - ElyriaLogger - INFO - pygame-ce 2.5.3 (SDL 2.30.12, Python 3.10.14)
2025-04-03 21:00:53,885 - ElyriaLogger - INFO - Textures loaded from data/textures.json file
2025-04-03 21:00:53,886 - ElyriaLogger - INFO - Animations loaded from data/animations.json file
2025-04-03 21:02:05,607 - ElyriaLogger - INFO - 3.10.14 (39dc8d3c85a7, Aug 27 2024, 14:32:27) [PyPy 7.3.17 with GCC 10.2.1 20210130 (Red Hat 10.2.1-11)]
2025-04-03 21:02:05,607 - ElyriaLogger - INFO - pygame-ce 2.5.3 (SDL 2.30.12, Python 3.10.14)
2025-04-03 21:02:05,812 - ElyriaLogger - INFO - Textures loaded from data/textures.json file
2025-04-03 21:02:05,813 - ElyriaLogger - INFO - Animations loaded from data/animations.json file
2025-04-03 21:02:24,389 - ElyriaLogger - INFO - 3.10.14 (39dc8d3c85a7, Aug 27 2024, 14:32:27) [PyPy 7.3.17 with GCC 10.2.1 20210130 (Red Hat 10.2.1-11)]
2025-04-03 21:02:24,389 - ElyriaLogger - INFO - pygame-ce 2.5.3 (SDL 2.30.12, Python 3.10.14)
2025-04-03 21:02:24,593 - ElyriaLogger - INFO - Textures loaded from data/textures.json file
2025-04-03 21:02:24,594 - ElyriaLogger - INFO - Animations loaded from data/animations.json file
2025-04-03 21:05:59,245 - ElyriaLogger - INFO - 3.10.14 (39dc8d3c85a7, Aug 27 2024, 14:32:27) [PyPy 7.3.17 with GCC 10.2.1 20210130 (Red Hat 10.2.1-11)]
2025-04-03 21:05:59,246 - ElyriaLogger - INFO - pygame-ce 2.5.3 (SDL 2.30.12, Python 3.10.14)
2025-04-03 21:05:59,407 - ElyriaLogger - INFO - Textures loaded from data/textures.json file
2025-04-03 21:05:59,407 - ElyriaLogger - INFO - Animations loaded from data/animations.json file
2025-04-03 21:11:36,821 - ElyriaLogger - INFO - 3.10.14 (39dc8d3c85a7, Aug 27 2024, 14:32:27) [PyPy 7.3.17 with GCC 10.2.1 20210130 (Red Hat 10.2.1-11)]
2025-04-03 21:11:36,822 - ElyriaLogger - INFO - pygame-ce 2.5.3 (SDL 2.30.12, Python 3.10.14)
2025-04-03 21:11:36,949 - ElyriaLogger - INFO - Textures loaded from data/textures.json file
2025-04-03 21:11:36,949 - ElyriaLogger - INFO - Animations loaded from data/animations.json file
2025-04-03 22:17:10,913 - ElyriaLogger - INFO - 3.10.14 (39dc8d3c85a7, Aug 27 2024, 14:32:27) [PyPy 7.3.17 with GCC 10.2.1 20210130 (Red Hat 10.2.1-11)]
2025-04-03 22:17:10,913 - ElyriaLogger - INFO - pygame-ce 2.5.3 (SDL 2.30.12, Python 3.10.14)
2025-04-03 22:17:11,124 - ElyriaLogger - INFO - Textures loaded from data/textures.json file
2025-04-03 22:17:11,124 - ElyriaLogger - INFO - Animations loaded from data/animations.json file
2025-04-03 22:18:45,624 - ElyriaLogger - INFO - 3.10.14 (39dc8d3c85a7, Aug 27 2024, 14:32:27) [PyPy 7.3.17 with GCC 10.2.1 20210130 (Red Hat 10.2.1-11)]
2025-04-03 22:18:45,624 - ElyriaLogger - INFO - pygame-ce 2.5.3 (SDL 2.30.12, Python 3.10.14)
2025-04-03 22:18:45,804 - ElyriaLogger - INFO - Textures loaded from data/textures.json file
2025-04-03 22:18:45,805 - ElyriaLogger - INFO - Animations loaded from data/animations.json file
2025-04-03 22:27:53,958 - ElyriaLogger - INFO - 3.10.14 (39dc8d3c85a7, Aug 27 2024, 14:32:27) [PyPy 7.3.17 with GCC 10.2.1 20210130 (Red Hat 10.2.1-11)]
2025-04-03 22:27:53,958 - ElyriaLogger - INFO - pygame-ce 2.5.3 (SDL 2.30.12, Python 3.10.14)
2025-04-03 22:27:54,146 - ElyriaLogger - INFO - Textures loaded from data/textures.json file
2025-04-03 22:27:54,146 - ElyriaLogger - INFO - Animations loaded from data/animations.json file
2025-04-03 22:28:53,343 - ElyriaLogger - INFO - 3.10.14 (39dc8d3c85a7, Aug 27 2024, 14:32:27) [PyPy 7.3.17 with GCC 10.2.1 20210130 (Red Hat 10.2.1-11)]
2025-04-03 22:28:53,344 - ElyriaLogger - INFO - pygame-ce 2.5.3 (SDL 2.30.12, Python 3.10.14)
2025-04-03 22:28:53,558 - ElyriaLogger - INFO - Textures loaded from data/textures.json file
2025-04-03 22:28:53,559 - ElyriaLogger - INFO - Animations loaded from data/animations.json file
2025-04-03 22:29:52,532 - ElyriaLogger - INFO - 3.10.14 (39dc8d3c85a7, Aug 27 2024, 14:32:27) [PyPy 7.3.17 with GCC 10.2.1 20210130 (Red Hat 10.2.1-11)]
2025-04-03 22:29:52,533 - ElyriaLogger - INFO - pygame-ce 2.5.3 (SDL 2.30.12, Python 3.10.14)
2025-04-03 22:29:52,745 - ElyriaLogger - INFO - Textures loaded from data/textures.json file
2025-04-03 22:29:52,746 - ElyriaLogger - INFO - Animations loaded from data/animations.json file
2025-04-03 22:44:54,312 - ElyriaLogger - INFO - 3.10.14 (39dc8d3c85a7, Aug 27 2024, 14:32:27) [PyPy 7.3.17 with GCC 10.2.1 20210130 (Red Hat 10.2.1-11)]
2025-04-03 22:44:54,313 - ElyriaLogger - INFO - pygame-ce 2.5.3 (SDL 2.30.12, Python 3.10.14)
2025-04-03 22:44:54,508 - ElyriaLogger - INFO - Textures loaded from data/textures.json file
2025-04-03 22:44:54,509 - ElyriaLogger - INFO - Animations loaded from data/animations.json file
2025-04-03 22:46:26,736 - ElyriaLogger - INFO - 3.10.14 (39dc8d3c85a7, Aug 27 2024, 14:32:27) [PyPy 7.3.17 with GCC 10.2.1 20210130 (Red Hat 10.2.1-11)]
2025-04-03 22:46:26,737 - ElyriaLogger - INFO - pygame-ce 2.5.3 (SDL 2.30.12, Python 3.10.14)
2025-04-03 22:46:26,936 - ElyriaLogger - INFO - Textures loaded from data/textures.json file
2025-04-03 22:46:26,937 - ElyriaLogger - INFO - Animations loaded from data/animations.json file
2025-04-03 22:47:16,691 - ElyriaLogger - INFO - 3.10.14 (39dc8d3c85a7, Aug 27 2024, 14:32:27) [PyPy 7.3.17 with GCC 10.2.1 20210130 (Red Hat 10.2.1-11)]
2025-04-03 22:47:16,692 - ElyriaLogger - INFO - pygame-ce 2.5.3 (SDL 2.30.12, Python 3.10.14)
2025-04-03 22:47:16,875 - ElyriaLogger - INFO - Textures loaded from data/textures.json file
2025-04-03 22:47:16,876 - ElyriaLogger - INFO - Animations loaded from data/animations.json file
2025-04-03 22:48:19,767 - ElyriaLogger - INFO - 3.10.14 (39dc8d3c85a7, Aug 27 2024, 14:32:27) [PyPy 7.3.17 with GCC 10.2.1 20210130 (Red Hat 10.2.1-11)]
2025-04-03 22:48:19,768 - ElyriaLogger - INFO - pygame-ce 2.5.3 (SDL 2.30.12, Python 3.10.14)
2025-04-03 22:48:19,984 - ElyriaLogger - INFO - Textures loaded from data/textures.json file
2025-04-03 22:48:19,985 - ElyriaLogger - INFO - Animations loaded from data/animations.json file
2025-04-03 22:48:53,208 - ElyriaLogger - INFO - 3.10.14 (39dc8d3c85a7, Aug 27 2024, 14:32:27) [PyPy 7.3.17 with GCC 10.2.1 20210130 (Red Hat 10.2.1-11)]
2025-04-03 22:48:53,208 - ElyriaLogger - INFO - pygame-ce 2.5.3 (SDL 2.30.12, Python 3.10.14)
2025-04-03 22:48:53,420 - ElyriaLogger - INFO - Textures loaded from data/textures.json file
2025-04-03 22:48:53,420 - ElyriaLogger - INFO - Animations loaded from data/animations.json file
2025-04-03 22:49:05,119 - ElyriaLogger - INFO - 3.10.14 (39dc8d3c85a7, Aug 27 2024, 14:32:27) [PyPy 7.3.17 with GCC 10.2.1 20210130 (Red Hat 10.2.1-11)]
2025-04-03 22:49:05,120 - ElyriaLogger - INFO - pygame-ce 2.5.3 (SDL 2.30.12, Python 3.10.14)
2025-04-03 22:49:05,331 - ElyriaLogger - INFO - Textures loaded from data/textures.json file
2025-04-03 22:49:05,332 - ElyriaLogger - INFO - Animations loaded from data/animations.json file
2025-04-03 22:49:33,006 - ElyriaLogger - INFO - 3.10.14 (39dc8d3c85a7, Aug 27 2024, 14:32:27) [PyPy 7.3.17 with GCC 10.2.1 20210130 (Red Hat 10.2.1-11)]
2025-04-03 22:49:33,007 - ElyriaLogger - INFO - pygame-ce 2.5.3 (SDL 2.30.12, Python 3.10.14)
2025-04-03 22:49:33,213 - ElyriaLogger - INFO - Textures loaded from data/textures.json file
2025-04-03 22:49:33,214 - ElyriaLogger - INFO - Animations loaded from data/animations.json file
2025-04-03 22:49:43,966 - ElyriaLogger - INFO - 3.10.14 (39dc8d3c85a7, Aug 27 2024, 14:32:27) [PyPy 7.3.17 with GCC 10.2.1 20210130 (Red Hat 10.2.1-11)]
2025-04-03 22:49:43,967 - ElyriaLogger - INFO - pygame-ce 2.5.3 (SDL 2.30.12, Python 3.10.14)
2025-04-03 22:49:44,153 - ElyriaLogger - INFO - Textures loaded from data/textures.json file
2025-04-03 22:49:44,153 - ElyriaLogger - INFO - Animations loaded from data/animations.json file
2025-04-03 22:49:55,459 - ElyriaLogger - INFO - 3.10.14 (39dc8d3c85a7, Aug 27 2024, 14:32:27) [PyPy 7.3.17 with GCC 10.2.1 20210130 (Red Hat 10.2.1-11)]
2025-04-03 22:49:55,459 - ElyriaLogger - INFO - pygame-ce 2.5.3 (SDL 2.30.12, Python 3.10.14)
2025-04-03 22:49:55,657 - ElyriaLogger - INFO - Textures loaded from data/textures.json file
2025-04-03 22:49:55,658 - ElyriaLogger - INFO - Animations loaded from data/animations.json file
2025-04-03 22:51:31,933 - ElyriaLogger - INFO - 3.10.14 (39dc8d3c85a7, Aug 27 2024, 14:32:27) [PyPy 7.3.17 with GCC 10.2.1 20210130 (Red Hat 10.2.1-11)]
2025-04-03 22:51:31,934 - ElyriaLogger - INFO - pygame-ce 2.5.3 (SDL 2.30.12, Python 3.10.14)
2025-04-03 22:51:32,135 - ElyriaLogger - INFO - Textures loaded from data/textures.json file
2025-04-03 22:51:32,135 - ElyriaLogger - INFO - Animations loaded from data/animations.json file
2025-04-04 09:08:52,491 - ElyriaLogger - INFO - 3.10.14 (39dc8d3c85a7, Aug 27 2024, 14:32:27) [PyPy 7.3.17 with GCC 10.2.1 20210130 (Red Hat 10.2.1-11)]
2025-04-04 09:08:52,492 - ElyriaLogger - INFO - pygame-ce 2.5.3 (SDL 2.30.12, Python 3.10.14)
2025-04-04 09:08:52,650 - ElyriaLogger - INFO - Textures loaded from data/textures.json file
2025-04-04 09:08:52,651 - ElyriaLogger - INFO - Animations loaded from data/animations.json file
2025-04-04 09:13:30,503 - ElyriaLogger - INFO - 3.10.14 (39dc8d3c85a7, Aug 27 2024, 14:32:27) [PyPy 7.3.17 with GCC 10.2.1 20210130 (Red Hat 10.2.1-11)]
2025-04-04 09:13:30,503 - ElyriaLogger - INFO - pygame-ce 2.5.3 (SDL 2.30.12, Python 3.10.14)
2025-04-04 09:13:30,645 - ElyriaLogger - INFO - Textures loaded from data/textures.json file
2025-04-04 09:13:30,645 - ElyriaLogger - INFO - Animations loaded from data/animations.json file
2025-04-04 09:14:22,102 - ElyriaLogger - INFO - 3.10.14 (39dc8d3c85a7, Aug 27 2024, 14:32:27) [PyPy 7.3.17 with GCC 10.2.1 20210130 (Red Hat 10.2.1-11)]
2025-04-04 09:14:22,103 - ElyriaLogger - INFO - pygame-ce 2.5.3 (SDL 2.30.12, Python 3.10.14)
2025-04-04 09:14:22,221 - ElyriaLogger - INFO - Textures loaded from data/textures.json file
2025-04-04 09:14:22,221 - ElyriaLogger - INFO - Animations loaded from data/animations.json file
2025-04-04 09:19:37,159 - ElyriaLogger - INFO - 3.10.14 (39dc8d3c85a7, Aug 27 2024, 14:32:27) [PyPy 7.3.17 with GCC 10.2.1 20210130 (Red Hat 10.2.1-11)]
2025-04-04 09:19:37,159 - ElyriaLogger - INFO - pygame-ce 2.5.3 (SDL 2.30.12, Python 3.10.14)
2025-04-04 09:19:37,278 - ElyriaLogger - INFO - Textures loaded from data/textures.json file
2025-04-04 09:19:37,279 - ElyriaLogger - INFO - Animations loaded from data/animations.json file
2025-04-04 09:20:32,719 - ElyriaLogger - INFO - 3.10.14 (39dc8d3c85a7, Aug 27 2024, 14:32:27) [PyPy 7.3.17 with GCC 10.2.1 20210130 (Red Hat 10.2.1-11)]
2025-04-04 09:20:32,719 - ElyriaLogger - INFO - pygame-ce 2.5.3 (SDL 2.30.12, Python 3.10.14)
2025-04-04 09:20:32,834 - ElyriaLogger - INFO - Textures loaded from data/textures.json file
2025-04-04 09:20:32,834 - ElyriaLogger - INFO - Animations loaded from data/animations.json file
2025-04-04 09:21:07,853 - ElyriaLogger - INFO - 3.10.14 (39dc8d3c85a7, Aug 27 2024, 14:32:27) [PyPy 7.3.17 with GCC 10.2.1 20210130 (Red Hat 10.2.1-11)]
2025-04-04 09:21:07,853 - ElyriaLogger - INFO - pygame-ce 2.5.3 (SDL 2.30.12, Python 3.10.14)
2025-04-04 09:21:07,980 - ElyriaLogger - INFO - Textures loaded from data/textures.json file
2025-04-04 09:21:07,980 - ElyriaLogger - INFO - Animations loaded from data/animations.json file
2025-04-04 09:56:03,991 - ElyriaLogger - INFO - 3.10.14 (39dc8d3c85a7, Aug 27 2024, 14:32:27) [PyPy 7.3.17 with GCC 10.2.1 20210130 (Red Hat 10.2.1-11)]
2025-04-04 09:56:03,991 - ElyriaLogger - INFO - pygame-ce 2.5.3 (SDL 2.30.12, Python 3.10.14)
2025-04-04 09:56:04,117 - ElyriaLogger - INFO - Textures loaded from data/textures.json file
2025-04-04 09:56:04,118 - ElyriaLogger - INFO - Animations loaded from data/animations.json file
2025-04-04 09:57:14,146 - ElyriaLogger - INFO - 3.10.14 (39dc8d3c85a7, Aug 27 2024, 14:32:27) [PyPy 7.3.17 with GCC 10.2.1 20210130 (Red Hat 10.2.1-11)]
2025-04-04 09:57:14,146 - ElyriaLogger - INFO - pygame-ce 2.5.3 (SDL 2.30.12, Python 3.10.14)
2025-04-04 09:57:14,266 - ElyriaLogger - INFO - Textures loaded from data/textures.json file
2025-04-04 09:57:14,266 - ElyriaLogger - INFO - Animations loaded from data/animations.json file
2025-04-04 09:58:05,495 - ElyriaLogger - INFO - 3.10.14 (39dc8d3c85a7, Aug 27 2024, 14:32:27) [PyPy 7.3.17 with GCC 10.2.1 20210130 (Red Hat 10.2.1-11)]
2025-04-04 09:58:05,495 - ElyriaLogger - INFO - pygame-ce 2.5.3 (SDL 2.30.12, Python 3.10.14)
2025-04-04 09:58:05,610 - ElyriaLogger - INFO - Textures loaded from data/textures.json file
2025-04-04 09:58:05,610 - ElyriaLogger - INFO - Animations loaded from data/animations.json file
2025-04-04 09:59:14,273 - ElyriaLogger - INFO - 3.10.14 (39dc8d3c85a7, Aug 27 2024, 14:32:27) [PyPy 7.3.17 with GCC 10.2.1 20210130 (Red Hat 10.2.1-11)]
2025-04-04 09:59:14,274 - ElyriaLogger - INFO - pygame-ce 2.5.3 (SDL 2.30.12, Python 3.10.14)
2025-04-04 09:59:14,380 - ElyriaLogger - INFO - Textures loaded from data/textures.json file
2025-04-04 09:59:14,380 - ElyriaLogger - INFO - Animations loaded from data/animations.json file
2025-04-04 09:59:22,979 - ElyriaLogger - INFO - 3.10.14 (39dc8d3c85a7, Aug 27 2024, 14:32:27) [PyPy 7.3.17 with GCC 10.2.1 20210130 (Red Hat 10.2.1-11)]
2025-04-04 09:59:22,979 - ElyriaLogger - INFO - pygame-ce 2.5.3 (SDL 2.30.12, Python 3.10.14)
2025-04-04 09:59:23,076 - ElyriaLogger - INFO - Textures loaded from data/textures.json file
2025-04-04 09:59:23,077 - ElyriaLogger - INFO - Animations loaded from data/animations.json file
2025-04-04 09:59:50,452 - ElyriaLogger - INFO - 3.10.14 (39dc8d3c85a7, Aug 27 2024, 14:32:27) [PyPy 7.3.17 with GCC 10.2.1 20210130 (Red Hat 10.2.1-11)]
2025-04-04 09:59:50,453 - ElyriaLogger - INFO - pygame-ce 2.5.3 (SDL 2.30.12, Python 3.10.14)
2025-04-04 09:59:50,554 - ElyriaLogger - INFO - Textures loaded from data/textures.json file
2025-04-04 09:59:50,554 - ElyriaLogger - INFO - Animations loaded from data/animations.json file
2025-04-04 10:01:01,043 - ElyriaLogger - INFO - 3.10.14 (39dc8d3c85a7, Aug 27 2024, 14:32:27) [PyPy 7.3.17 with GCC 10.2.1 20210130 (Red Hat 10.2.1-11)]
2025-04-04 10:01:01,044 - ElyriaLogger - INFO - pygame-ce 2.5.3 (SDL 2.30.12, Python 3.10.14)
2025-04-04 10:01:01,173 - ElyriaLogger - INFO - Textures loaded from data/textures.json file
2025-04-04 10:01:01,173 - ElyriaLogger - INFO - Animations loaded from data/animations.json file
2025-04-04 10:03:48,979 - ElyriaLogger - INFO - 3.10.14 (39dc8d3c85a7, Aug 27 2024, 14:32:27) [PyPy 7.3.17 with GCC 10.2.1 20210130 (Red Hat 10.2.1-11)]
2025-04-04 10:03:48,980 - ElyriaLogger - INFO - pygame-ce 2.5.3 (SDL 2.30.12, Python 3.10.14)
2025-04-04 10:03:49,086 - ElyriaLogger - INFO - Textures loaded from data/textures.json file
2025-04-04 10:03:49,086 - ElyriaLogger - INFO - Animations loaded from data/animations.json file
2025-04-04 10:04:26,115 - ElyriaLogger - INFO - 3.10.14 (39dc8d3c85a7, Aug 27 2024, 14:32:27) [PyPy 7.3.17 with GCC 10.2.1 20210130 (Red Hat 10.2.1-11)]
2025-04-04 10:04:26,115 - ElyriaLogger - INFO - pygame-ce 2.5.3 (SDL 2.30.12, Python 3.10.14)
2025-04-04 10:04:26,224 - ElyriaLogger - INFO - Textures loaded from data/textures.json file
2025-04-04 10:04:26,225 - ElyriaLogger - INFO - Animations loaded from data/animations.json file
2025-04-04 10:05:59,209 - ElyriaLogger - INFO - 3.10.14 (39dc8d3c85a7, Aug 27 2024, 14:32:27) [PyPy 7.3.17 with GCC 10.2.1 20210130 (Red Hat 10.2.1-11)]
2025-04-04 10:05:59,209 - ElyriaLogger - INFO - pygame-ce 2.5.3 (SDL 2.30.12, Python 3.10.14)
2025-04-04 10:05:59,316 - ElyriaLogger - INFO - Textures loaded from data/textures.json file
2025-04-04 10:05:59,317 - ElyriaLogger - INFO - Animations loaded from data/animations.json file
2025-04-04 10:06:22,807 - ElyriaLogger - INFO - 3.10.14 (39dc8d3c85a7, Aug 27 2024, 14:32:27) [PyPy 7.3.17 with GCC 10.2.1 20210130 (Red Hat 10.2.1-11)]
2025-04-04 10:06:22,807 - ElyriaLogger - INFO - pygame-ce 2.5.3 (SDL 2.30.12, Python 3.10.14)
2025-04-04 10:06:22,933 - ElyriaLogger - INFO - Textures loaded from data/textures.json file
2025-04-04 10:06:22,933 - ElyriaLogger - INFO - Animations loaded from data/animations.json file
2025-04-04 10:07:21,974 - ElyriaLogger - INFO - 3.10.14 (39dc8d3c85a7, Aug 27 2024, 14:32:27) [PyPy 7.3.17 with GCC 10.2.1 20210130 (Red Hat 10.2.1-11)]
2025-04-04 10:07:21,974 - ElyriaLogger - INFO - pygame-ce 2.5.3 (SDL 2.30.12, Python 3.10.14)
2025-04-04 10:07:22,076 - ElyriaLogger - INFO - Textures loaded from data/textures.json file
2025-04-04 10:07:22,076 - ElyriaLogger - INFO - Animations loaded from data/animations.json file
2025-04-04 10:08:25,317 - ElyriaLogger - INFO - 3.10.14 (39dc8d3c85a7, Aug 27 2024, 14:32:27) [PyPy 7.3.17 with GCC 10.2.1 20210130 (Red Hat 10.2.1-11)]
2025-04-04 10:08:25,318 - ElyriaLogger - INFO - pygame-ce 2.5.3 (SDL 2.30.12, Python 3.10.14)
2025-04-04 10:08:25,443 - ElyriaLogger - INFO - Textures loaded from data/textures.json file
2025-04-04 10:08:25,443 - ElyriaLogger - INFO - Animations loaded from data/animations.json file
2025-04-04 10:09:00,730 - ElyriaLogger - INFO - 3.10.14 (39dc8d3c85a7, Aug 27 2024, 14:32:27) [PyPy 7.3.17 with GCC 10.2.1 20210130 (Red Hat 10.2.1-11)]
2025-04-04 10:09:00,730 - ElyriaLogger - INFO - pygame-ce 2.5.3 (SDL 2.30.12, Python 3.10.14)
2025-04-04 10:09:00,827 - ElyriaLogger - INFO - Textures loaded from data/textures.json file
2025-04-04 10:09:00,827 - ElyriaLogger - INFO - Animations loaded from data/animations.json file
2025-04-04 10:14:26,129 - ElyriaLogger - INFO - 3.10.14 (39dc8d3c85a7, Aug 27 2024, 14:32:27) [PyPy 7.3.17 with GCC 10.2.1 20210130 (Red Hat 10.2.1-11)]
2025-04-04 10:14:26,129 - ElyriaLogger - INFO - pygame-ce 2.5.3 (SDL 2.30.12, Python 3.10.14)
2025-04-04 10:14:26,236 - ElyriaLogger - INFO - Textures loaded from data/textures.json file
2025-04-04 10:14:26,236 - ElyriaLogger - INFO - Animations loaded from data/animations.json file
2025-04-04 10:15:11,427 - ElyriaLogger - INFO - 3.10.14 (39dc8d3c85a7, Aug 27 2024, 14:32:27) [PyPy 7.3.17 with GCC 10.2.1 20210130 (Red Hat 10.2.1-11)]
2025-04-04 10:15:11,428 - ElyriaLogger - INFO - pygame-ce 2.5.3 (SDL 2.30.12, Python 3.10.14)
2025-04-04 10:15:11,527 - ElyriaLogger - INFO - Textures loaded from data/textures.json file
2025-04-04 10:15:11,528 - ElyriaLogger - INFO - Animations loaded from data/animations.json file
2025-04-04 10:15:18,781 - ElyriaLogger - INFO - 3.10.14 (39dc8d3c85a7, Aug 27 2024, 14:32:27) [PyPy 7.3.17 with GCC 10.2.1 20210130 (Red Hat 10.2.1-11)]
2025-04-04 10:15:18,781 - ElyriaLogger - INFO - pygame-ce 2.5.3 (SDL 2.30.12, Python 3.10.14)
2025-04-04 10:15:18,896 - ElyriaLogger - INFO - Textures loaded from data/textures.json file
2025-04-04 10:15:18,896 - ElyriaLogger - INFO - Animations loaded from data/animations.json file
2025-04-04 10:15:36,327 - ElyriaLogger - INFO - 3.10.14 (39dc8d3c85a7, Aug 27 2024, 14:32:27) [PyPy 7.3.17 with GCC 10.2.1 20210130 (Red Hat 10.2.1-11)]
2025-04-04 10:15:36,327 - ElyriaLogger - INFO - pygame-ce 2.5.3 (SDL 2.30.12, Python 3.10.14)
2025-04-04 10:15:36,434 - ElyriaLogger - INFO - Textures loaded from data/textures.json file
2025-04-04 10:15:36,435 - ElyriaLogger - INFO - Animations loaded from data/animations.json file
2025-04-04 10:16:26,611 - ElyriaLogger - INFO - 3.10.14 (39dc8d3c85a7, Aug 27 2024, 14:32:27) [PyPy 7.3.17 with GCC 10.2.1 20210130 (Red Hat 10.2.1-11)]
2025-04-04 10:16:26,611 - ElyriaLogger - INFO - pygame-ce 2.5.3 (SDL 2.30.12, Python 3.10.14)
2025-04-04 10:16:26,740 - ElyriaLogger - INFO - Textures loaded from data/textures.json file
2025-04-04 10:16:26,740 - ElyriaLogger - INFO - Animations loaded from data/animations.json file
2025-04-04 10:16:51,478 - ElyriaLogger - INFO - 3.10.14 (39dc8d3c85a7, Aug 27 2024, 14:32:27) [PyPy 7.3.17 with GCC 10.2.1 20210130 (Red Hat 10.2.1-11)]
2025-04-04 10:16:51,478 - ElyriaLogger - INFO - pygame-ce 2.5.3 (SDL 2.30.12, Python 3.10.14)
2025-04-04 10:16:51,583 - ElyriaLogger - INFO - Textures loaded from data/textures.json file
2025-04-04 10:16:51,584 - ElyriaLogger - INFO - Animations loaded from data/animations.json file
2025-04-04 10:17:14,367 - ElyriaLogger - INFO - 3.10.14 (39dc8d3c85a7, Aug 27 2024, 14:32:27) [PyPy 7.3.17 with GCC 10.2.1 20210130 (Red Hat 10.2.1-11)]
2025-04-04 10:17:14,368 - ElyriaLogger - INFO - pygame-ce 2.5.3 (SDL 2.30.12, Python 3.10.14)
2025-04-04 10:17:14,476 - ElyriaLogger - INFO - Textures loaded from data/textures.json file
2025-04-04 10:17:14,476 - ElyriaLogger - INFO - Animations loaded from data/animations.json file
2025-04-04 10:17:38,403 - ElyriaLogger - INFO - 3.10.14 (39dc8d3c85a7, Aug 27 2024, 14:32:27) [PyPy 7.3.17 with GCC 10.2.1 20210130 (Red Hat 10.2.1-11)]
2025-04-04 10:17:38,403 - ElyriaLogger - INFO - pygame-ce 2.5.3 (SDL 2.30.12, Python 3.10.14)
2025-04-04 10:17:38,526 - ElyriaLogger - INFO - Textures loaded from data/textures.json file
2025-04-04 10:17:38,526 - ElyriaLogger - INFO - Animations loaded from data/animations.json file
2025-04-04 10:25:22,190 - ElyriaLogger - INFO - 3.10.14 (39dc8d3c85a7, Aug 27 2024, 14:32:27) [PyPy 7.3.17 with GCC 10.2.1 20210130 (Red Hat 10.2.1-11)]
2025-04-04 10:25:22,191 - ElyriaLogger - INFO - pygame-ce 2.5.3 (SDL 2.30.12, Python 3.10.14)
2025-04-04 10:25:22,287 - ElyriaLogger - INFO - Textures loaded from data/textures.json file
2025-04-04 10:25:22,287 - ElyriaLogger - INFO - Animations loaded from data/animations.json file
2025-04-04 10:27:27,907 - ElyriaLogger - INFO - 3.10.14 (39dc8d3c85a7, Aug 27 2024, 14:32:27) [PyPy 7.3.17 with GCC 10.2.1 20210130 (Red Hat 10.2.1-11)]
2025-04-04 10:27:27,907 - ElyriaLogger - INFO - pygame-ce 2.5.3 (SDL 2.30.12, Python 3.10.14)
2025-04-04 10:27:28,023 - ElyriaLogger - INFO - Textures loaded from data/textures.json file
2025-04-04 10:27:28,023 - ElyriaLogger - INFO - Animations loaded from data/animations.json file
2025-04-04 10:29:55,809 - ElyriaLogger - INFO - 3.13.1 (main, Dec 19 2024, 23:53:21) [GCC 13.3.0]
2025-04-04 10:29:55,809 - ElyriaLogger - INFO - pygame-ce 2.5.3 (SDL 2.30.12, Python 3.13.1)
2025-04-04 10:29:55,915 - ElyriaLogger - INFO - Textures loaded from data/textures.json file
2025-04-04 10:29:55,915 - ElyriaLogger - INFO - Animations loaded from data/animations.json file
2025-04-04 10:30:25,812 - ElyriaLogger - INFO - 3.13.1 (main, Dec 19 2024, 23:53:21) [GCC 13.3.0]
2025-04-04 10:30:25,813 - ElyriaLogger - INFO - pygame-ce 2.5.3 (SDL 2.30.12, Python 3.13.1)
2025-04-04 10:30:25,932 - ElyriaLogger - INFO - Textures loaded from data/textures.json file
2025-04-04 10:30:25,932 - ElyriaLogger - INFO - Animations loaded from data/animations.json file
